#
# A fatal error has been detected by the Java Runtime Environment:
#
#  EXCEPTION_ACCESS_VIOLATION (0xc0000005) at pc=0x00007ffa8d7d14fc, pid=14004, tid=5084
#
# JRE version: Java(TM) SE Runtime Environment (16.0+36) (build 16+36-2231)
# Java VM: Java HotSpot(TM) 64-Bit Server VM (16+36-2231, mixed mode, sharing, tiered, compressed oops, g1 gc, windows-amd64)
# Problematic frame:
# C  [flatlaf-windows-x86_64-12283308146774355394.dll+0x14fc]
#
# No core dump will be written. Minidumps are not enabled by default on client versions of Windows
#
# If you would like to submit a bug report, please visit:
#   https://bugreport.java.com/bugreport/crash.jsp
# The crash happened outside the Java Virtual Machine in native code.
# See problematic frame for where to report the bug.
#

---------------  S U M M A R Y ------------

Command Line: -javaagent:C:\Program Files\JetBrains\IntelliJ IDEA 2021.1.1\lib\idea_rt.jar=29663:C:\Program Files\JetBrains\IntelliJ IDEA 2021.1.1\bin -Dfile.encoding=UTF-8 nl.rug.oop.flaps.Main

Host: AMD Ryzen 7 PRO 4750U with Radeon Graphics, 16 cores, 31G,  Windows 10 , 64 bit Build 19041 (10.0.19041.928)
Time: Tue May 25 11:18:32 2021 W. Europe Summer Time elapsed time: 38.952428 seconds (0d 0h 0m 38s)

---------------  T H R E A D  ---------------

Current thread (0x000001e656c3db60):  JavaThread "AWT-Windows" daemon [_thread_in_native, id=5084, stack(0x000000d56f000000,0x000000d56f100000)]

Stack: [0x000000d56f000000,0x000000d56f100000],  sp=0x000000d56f0fe8e0,  free space=1018k
Native frames: (J=compiled Java code, j=interpreted, Vv=VM code, C=native code)
C  [flatlaf-windows-x86_64-12283308146774355394.dll+0x14fc]

Java frames: (J=compiled Java code, j=interpreted, Vv=VM code)
j  sun.awt.windows.WToolkit.eventLoop()V+0 java.desktop@16
j  sun.awt.windows.WToolkit.run()V+50 java.desktop@16
j  java.lang.Thread.run()V+11 java.base@16
v  ~StubRoutines::call_stub

siginfo: EXCEPTION_ACCESS_VIOLATION (0xc0000005), reading address 0x0000000000000020


Register to memory mapping:

RIP=0x00007ffa8d7d14fc flatlaf-windows-x86_64-12283308146774355394.dll
RAX=0x000000000000975e is an unknown value
RBX=0x0 is NULL
RCX=0x0 is NULL
RDX=0x000000000009088c is an unknown value
RSP=0x000000d56f0fe8e0 is pointing into the stack for thread: 0x000001e656c3db60
RBP=0x000000000009088c is an unknown value
RSI=0x0 is NULL
RDI=0x0 is NULL
R8 =0x0000000000009803 is an unknown value
R9 =0x0 is NULL
R10=0x000001e659880380 points into unknown readable memory: 0x00000000000907c6 | c6 07 09 00 00 00 00 00
R11=0x0000000000000100 is an unknown value
R12=0x0 is NULL
R13=0x0000000000009803 is an unknown value
R14=0x0000000000110305 is an unknown value
R15=0x0000000000009803 is an unknown value


Registers:
RAX=0x000000000000975e, RBX=0x0000000000000000, RCX=0x0000000000000000, RDX=0x000000000009088c
RSP=0x000000d56f0fe8e0, RBP=0x000000000009088c, RSI=0x0000000000000000, RDI=0x0000000000000000
R8 =0x0000000000009803, R9 =0x0000000000000000, R10=0x000001e659880380, R11=0x0000000000000100
R12=0x0000000000000000, R13=0x0000000000009803, R14=0x0000000000110305, R15=0x0000000000009803
RIP=0x00007ffa8d7d14fc, EFLAGS=0x0000000000010202

Top of Stack: (sp=0x000000d56f0fe8e0)
0x000000d56f0fe8e0:   0000000000000000 0000000000000007
0x000000d56f0fe8f0:   000000d56f0feae0 000001e630b11010
0x000000d56f0fe900:   0000000000000000 00007ffa8d7d10ce
0x000000d56f0fe910:   000001e68000ffff 000001e62723b350
0x000000d56f0fe920:   0000000000000000 0000000000000000
0x000000d56f0fe930:   0000000000000000 00007ffa8d7d1424
0x000000d56f0fe940:   0000000000110305 000000000009088c
0x000000d56f0fe950:   0000000000009803 0000000000000000
0x000000d56f0fe960:   0000000000110305 00000000fffffff0
0x000000d56f0fe970:   0000000080000022 00007ffaab18e858
0x000000d56f0fe980:   0000000000000001 000000d56f0feb70
0x000000d56f0fe990:   0000000000000000 0000000000000000
0x000000d56f0fe9a0:   0000000000000000 00007ffa338c3b16
0x000000d56f0fe9b0:   0000000000000000 00007ffa33795b32
0x000000d56f0fe9c0:   0000000000000000 0000000000000000
0x000000d56f0fe9d0:   8000002200000000 0000000000000000 

Instructions: (pc=0x00007ffa8d7d14fc)
0x00007ffa8d7d13fc:   49 8b d9 48 8b 0d 1a 2c 00 00 49 8b f8 e8 32 fc
0x00007ffa8d7d140c:   ff ff 4c 8b cf 48 89 5c 24 20 44 8b c6 48 8b d5
0x00007ffa8d7d141c:   48 8b c8 e8 1c 00 00 00 48 8b 5c 24 40 48 8b 6c
0x00007ffa8d7d142c:   24 48 48 8b 74 24 50 48 83 c4 30 5f c3 cc cc cc
0x00007ffa8d7d143c:   cc cc cc cc 48 89 5c 24 08 48 89 6c 24 10 48 89
0x00007ffa8d7d144c:   74 24 18 57 41 56 41 57 48 83 ec 40 41 8b c0 49
0x00007ffa8d7d145c:   8b d9 45 8b f8 48 8b ea 48 8b f1 83 e8 02 0f 84
0x00007ffa8d7d146c:   af 01 00 00 2d 81 00 00 00 0f 84 87 01 00 00 83
0x00007ffa8d7d147c:   e8 01 0f 84 89 00 00 00 4c 8b b4 24 80 00 00 00
0x00007ffa8d7d148c:   83 e8 21 74 4d 3d 7b 02 00 00 75 64 48 8b 49 08
0x00007ffa8d7d149c:   48 85 c9 75 1c 48 8b 0e 48 8d 56 08 41 b8 02 00
0x00007ffa8d7d14ac:   01 00 48 8b 01 ff 50 30 48 8b 4e 08 48 85 c9 74
0x00007ffa8d7d14bc:   3f 4c 8b 05 54 2b 00 00 48 8b 56 10 e8 e3 fe ff
0x00007ffa8d7d14cc:   ff 48 8b 4e 20 45 8b c7 4c 89 74 24 20 e9 b6 01
0x00007ffa8d7d14dc:   00 00 49 8d 41 fe 48 83 f8 01 77 14 49 8b c6 45
0x00007ffa8d7d14ec:   0f bf c6 48 c1 e8 10 44 0f bf c8 e8 64 06 00 00
0x00007ffa8d7d14fc:   48 8b 4e 20 45 8b c7 4c 89 74 24 20 e9 87 01 00
0x00007ffa8d7d150c:   00 48 8b bc 24 80 00 00 00 41 b8 84 00 00 00 48
0x00007ffa8d7d151c:   8b 49 20 48 89 7c 24 20 ff 15 96 1b 00 00 48 83
0x00007ffa8d7d152c:   f8 01 0f 85 6c 01 00 00 48 8d 54 24 30 48 8b cd
0x00007ffa8d7d153c:   ff 15 1e 1b 00 00 48 8b 4e 18 44 0f bf ff 44 2b
0x00007ffa8d7d154c:   7c 24 30 48 c1 ef 10 44 0f bf f7 44 2b 74 24 34
0x00007ffa8d7d155c:   ff 15 26 1b 00 00 8b d0 b9 5c 00 00 00 8b d8 ff
0x00007ffa8d7d156c:   15 1f 1b 00 00 8b d3 b9 21 00 00 00 8b f8 ff 15
0x00007ffa8d7d157c:   10 1b 00 00 03 f8 44 3b f7 7d 18 ba f0 ff ff ff
0x00007ffa8d7d158c:   48 8b cd ff 15 3b 1b 00 00 0f ba e0 12 73 04 b3
0x00007ffa8d7d159c:   01 eb 02 32 db 48 8b 4e 08 48 85 c9 75 32 48 8b
0x00007ffa8d7d15ac:   0e 48 8d 56 08 41 b8 02 00 01 00 48 8b 01 ff 50
0x00007ffa8d7d15bc:   30 48 8b 4e 08 48 85 c9 75 16 b8 01 00 00 00 84
0x00007ffa8d7d15cc:   db b9 0c 00 00 00 0f 45 c1 48 98 e9 c4 00 00 00
0x00007ffa8d7d15dc:   4c 8b 05 25 2a 00 00 45 8b cf 48 8b 56 10 0f b6
0x00007ffa8d7d15ec:   c3 89 44 24 28 44 89 74 24 20 e8 85 fd ff ff 48 


Stack slot to memory mapping:
stack at sp + 0 slots: 0x0 is NULL
stack at sp + 1 slots: 0x0000000000000007 is an unknown value
stack at sp + 2 slots: 0x000000d56f0feae0 is pointing into the stack for thread: 0x000001e656c3db60
stack at sp + 3 slots: 0x000001e630b11010 is at begin+185 in a stub
StubRoutines::call_stub [0x000001e630b10f57, 0x000001e630b110c4] (365 bytes)
stack at sp + 4 slots: 0x0 is NULL
stack at sp + 5 slots: 0x00007ffa8d7d10ce flatlaf-windows-x86_64-12283308146774355394.dll
stack at sp + 6 slots: 0x000001e68000ffff is an unknown value
stack at sp + 7 slots: 0x000001e62723b350 points into unknown readable memory: 0x00007ffaa6229d78 | 78 9d 22 a6 fa 7f 00 00


---------------  P R O C E S S  ---------------

Threads class SMR info:
_java_thread_list=0x000001e659120140, length=19, elements={
0x000001e655c060d0, 0x000001e655c06ea0, 0x000001e655c16710, 0x000001e655c19030,
0x000001e655c1b950, 0x000001e655c1c260, 0x000001e655c1cea0, 0x000001e655c1d8a0,
0x000001e655c1e1f0, 0x000001e656903210, 0x000001e6569e45f0, 0x000001e6569e6050,
0x000001e656bf0d10, 0x000001e656c3db60, 0x000001e6573c8380, 0x000001e6573c7390,
0x000001e6573c9370, 0x000001e6573c8e20, 0x000001e6573c7e30
}

Java Threads: ( => current thread )
  0x000001e655c060d0 JavaThread "Reference Handler" daemon [_thread_blocked, id=17928, stack(0x000000d56de00000,0x000000d56df00000)]
  0x000001e655c06ea0 JavaThread "Finalizer" daemon [_thread_blocked, id=16924, stack(0x000000d56df00000,0x000000d56e000000)]
  0x000001e655c16710 JavaThread "Signal Dispatcher" daemon [_thread_blocked, id=13108, stack(0x000000d56e000000,0x000000d56e100000)]
  0x000001e655c19030 JavaThread "Attach Listener" daemon [_thread_blocked, id=18196, stack(0x000000d56e100000,0x000000d56e200000)]
  0x000001e655c1b950 JavaThread "Service Thread" daemon [_thread_blocked, id=3112, stack(0x000000d56e200000,0x000000d56e300000)]
  0x000001e655c1c260 JavaThread "Monitor Deflation Thread" daemon [_thread_blocked, id=8576, stack(0x000000d56e300000,0x000000d56e400000)]
  0x000001e655c1cea0 JavaThread "C2 CompilerThread0" daemon [_thread_blocked, id=10036, stack(0x000000d56e400000,0x000000d56e500000)]
  0x000001e655c1d8a0 JavaThread "C1 CompilerThread0" daemon [_thread_blocked, id=18536, stack(0x000000d56e500000,0x000000d56e600000)]
  0x000001e655c1e1f0 JavaThread "Sweeper thread" daemon [_thread_blocked, id=10776, stack(0x000000d56e600000,0x000000d56e700000)]
  0x000001e656903210 JavaThread "Common-Cleaner" daemon [_thread_blocked, id=12172, stack(0x000000d56e700000,0x000000d56e800000)]
  0x000001e6569e45f0 JavaThread "Monitor Ctrl-Break" daemon [_thread_in_native, id=18668, stack(0x000000d56eb00000,0x000000d56ec00000)]
  0x000001e6569e6050 JavaThread "Notification Thread" daemon [_thread_blocked, id=17912, stack(0x000000d56ec00000,0x000000d56ed00000)]
  0x000001e656bf0d10 JavaThread "Java2D Disposer" daemon [_thread_blocked, id=2160, stack(0x000000d56ee00000,0x000000d56ef00000)]
=>0x000001e656c3db60 JavaThread "AWT-Windows" daemon [_thread_in_native, id=5084, stack(0x000000d56f000000,0x000000d56f100000)]
  0x000001e6573c8380 JavaThread "AWT-Shutdown" [_thread_blocked, id=11660, stack(0x000000d56ef00000,0x000000d56f000000)]
  0x000001e6573c7390 JavaThread "AWT-EventQueue-0" [_thread_in_native, id=6192, stack(0x000000d56fd00000,0x000000d56fe00000)]
  0x000001e6573c9370 JavaThread "DestroyJavaVM" [_thread_blocked, id=12628, stack(0x000000d56d700000,0x000000d56d800000)]
  0x000001e6573c8e20 JavaThread "D3D Screen Updater" daemon [_thread_in_native, id=15624, stack(0x000000d570400000,0x000000d570500000)]
  0x000001e6573c7e30 JavaThread "TimerQueue" daemon [_thread_blocked, id=12232, stack(0x000000d570a00000,0x000000d570b00000)]

Other Threads:
  0x000001e655c01170 VMThread "VM Thread" [stack: 0x000000d56dd00000,0x000000d56de00000] [id=340]
  0x000001e656a69010 WatcherThread [stack: 0x000000d56ed00000,0x000000d56ee00000] [id=3236]
  0x000001e629411540 GCTaskThread "GC Thread#0" [stack: 0x000000d56d800000,0x000000d56d900000] [id=18988]
  0x000001e656e53c40 GCTaskThread "GC Thread#1" [stack: 0x000000d56f200000,0x000000d56f300000] [id=17236]
  0x000001e656e54570 GCTaskThread "GC Thread#2" [stack: 0x000000d56f300000,0x000000d56f400000] [id=13888]
  0x000001e656e53f50 GCTaskThread "GC Thread#3" [stack: 0x000000d56f400000,0x000000d56f500000] [id=812]
  0x000001e656e52cf0 GCTaskThread "GC Thread#4" [stack: 0x000000d56f500000,0x000000d56f600000] [id=13708]
  0x000001e656e54260 GCTaskThread "GC Thread#5" [stack: 0x000000d56f600000,0x000000d56f700000] [id=16720]
  0x000001e656e54880 GCTaskThread "GC Thread#6" [stack: 0x000000d56f700000,0x000000d56f800000] [id=12976]
  0x000001e656e53000 GCTaskThread "GC Thread#7" [stack: 0x000000d56f800000,0x000000d56f900000] [id=18644]
  0x000001e656e53310 GCTaskThread "GC Thread#8" [stack: 0x000000d56f900000,0x000000d56fa00000] [id=18456]
  0x000001e657373380 GCTaskThread "GC Thread#9" [stack: 0x000000d56fa00000,0x000000d56fb00000] [id=13564]
  0x000001e657372d60 GCTaskThread "GC Thread#10" [stack: 0x000000d56fb00000,0x000000d56fc00000] [id=16232]
  0x000001e657373070 GCTaskThread "GC Thread#11" [stack: 0x000000d56fc00000,0x000000d56fd00000] [id=18288]
  0x000001e657373690 GCTaskThread "GC Thread#12" [stack: 0x000000d570900000,0x000000d570a00000] [id=14208]
  0x000001e629421f50 ConcurrentGCThread "G1 Main Marker" [stack: 0x000000d56d900000,0x000000d56da00000] [id=10212]
  0x000001e6294249e0 ConcurrentGCThread "G1 Conc#0" [stack: 0x000000d56da00000,0x000000d56db00000] [id=14772]
  0x000001e62947d7b0 ConcurrentGCThread "G1 Refine#0" [stack: 0x000000d56db00000,0x000000d56dc00000] [id=13980]
  0x000001e655ab4750 ConcurrentGCThread "G1 Service" [stack: 0x000000d56dc00000,0x000000d56dd00000] [id=7820]

Threads with active compile tasks:

VM state: not at safepoint (normal execution)

VM Mutex/Monitor currently owned by a thread: None

Heap address: 0x000000060c400000, size: 7996 MB, Compressed Oops mode: Zero based, Oop shift amount: 3
CDS archive(s) mapped at: [0x0000000800000000-0x0000000800bb0000-0x0000000800bb0000), size 12255232, SharedBaseAddress: 0x0000000800000000, ArchiveRelocationMode: 0.
Compressed class space mapped at: 0x0000000800c00000-0x0000000840c00000, reserved size: 1073741824
Narrow klass base: 0x0000000800000000, Narrow klass shift: 3, Narrow klass range: 0x100000000

GC Precious Log:
 CPUs: 16 total, 16 available
 Memory: 31975M
 Large Page Support: Disabled
 NUMA Support: Disabled
 Compressed Oops: Enabled (Zero based)
 Heap Region Size: 4M
 Heap Min Capacity: 8M
 Heap Initial Capacity: 500M
 Heap Max Capacity: 7996M
 Pre-touch: Disabled
 Parallel Workers: 13
 Concurrent Workers: 3
 Concurrent Refinement Workers: 13
 Periodic GC: Disabled

Heap:
 garbage-first heap   total 512000K, used 134227K [0x000000060c400000, 0x0000000800000000)
  region size 4096K, 11 young (45056K), 6 survivors (24576K)
 Metaspace       used 19154K, committed 19392K, reserved 1073152K
  class space    used 2110K, committed 2240K, reserved 1048576K

Heap Regions: E=young(eden), S=young(survivor), O=old, HS=humongous(starts), HC=humongous(continues), CS=collection set, F=free, OA=open archive, CA=closed archive, TAMS=top-at-mark-start (previous, next)
|   0|0x000000060c400000, 0x000000060c800000, 0x000000060c800000|100%|HS|  |TAMS 0x000000060c400000, 0x000000060c400000| Complete 
|   1|0x000000060c800000, 0x000000060cc00000, 0x000000060cc00000|100%|HS|  |TAMS 0x000000060c800000, 0x000000060c800000| Complete 
|   2|0x000000060cc00000, 0x000000060d000000, 0x000000060d000000|100%|HC|  |TAMS 0x000000060cc00000, 0x000000060cc00000| Complete 
|   3|0x000000060d000000, 0x000000060d400000, 0x000000060d400000|100%|HS|  |TAMS 0x000000060d000000, 0x000000060d000000| Complete 
|   4|0x000000060d400000, 0x000000060d800000, 0x000000060d800000|100%|HC|  |TAMS 0x000000060d400000, 0x000000060d400000| Complete 
|   5|0x000000060d800000, 0x000000060dc00000, 0x000000060dc00000|100%|HC|  |TAMS 0x000000060d800000, 0x000000060d800000| Complete 
|   6|0x000000060dc00000, 0x000000060e000000, 0x000000060e000000|100%|HS|  |TAMS 0x000000060dc00000, 0x000000060dc00000| Complete 
|   7|0x000000060e000000, 0x000000060e400000, 0x000000060e400000|100%|HS|  |TAMS 0x000000060e000000, 0x000000060e000000| Complete 
|   8|0x000000060e400000, 0x000000060e800000, 0x000000060e800000|100%|HC|  |TAMS 0x000000060e400000, 0x000000060e400000| Complete 
|   9|0x000000060e800000, 0x000000060ec00000, 0x000000060ec00000|100%|HC|  |TAMS 0x000000060e800000, 0x000000060e800000| Complete 
|  10|0x000000060ec00000, 0x000000060f000000, 0x000000060f000000|100%|HS|  |TAMS 0x000000060ec00000, 0x000000060ec00000| Complete 
|  11|0x000000060f000000, 0x000000060f400000, 0x000000060f400000|100%|HS|  |TAMS 0x000000060f000000, 0x000000060f000000| Complete 
|  12|0x000000060f400000, 0x000000060f800000, 0x000000060f800000|100%|HC|  |TAMS 0x000000060f400000, 0x000000060f400000| Complete 
|  13|0x000000060f800000, 0x000000060fc00000, 0x000000060fc00000|100%| O|  |TAMS 0x000000060f800000, 0x000000060f800000| Untracked 
|  14|0x000000060fc00000, 0x0000000610000000, 0x0000000610000000|100%| O|  |TAMS 0x000000060fc00000, 0x000000060fc00000| Untracked 
|  15|0x0000000610000000, 0x00000006100f3200, 0x0000000610400000| 23%| O|  |TAMS 0x0000000610000000, 0x0000000610000000| Untracked 
|  16|0x0000000610400000, 0x0000000610800000, 0x0000000610800000|100%|HS|  |TAMS 0x0000000610400000, 0x0000000610400000| Complete 
|  17|0x0000000610800000, 0x0000000610c00000, 0x0000000610c00000|100%|HC|  |TAMS 0x0000000610800000, 0x0000000610800000| Complete 
|  18|0x0000000610c00000, 0x0000000611000000, 0x0000000611000000|100%|HS|  |TAMS 0x0000000610c00000, 0x0000000610c00000| Complete 
|  19|0x0000000611000000, 0x0000000611400000, 0x0000000611400000|100%|HC|  |TAMS 0x0000000611000000, 0x0000000611000000| Complete 
|  20|0x0000000611400000, 0x0000000611800000, 0x0000000611800000|100%|HC|  |TAMS 0x0000000611400000, 0x0000000611400000| Complete 
|  21|0x0000000611800000, 0x0000000611c00000, 0x0000000611c00000|100%|HS|  |TAMS 0x0000000611800000, 0x0000000611800000| Complete 
|  22|0x0000000611c00000, 0x0000000612000000, 0x0000000612000000|100%|HS|  |TAMS 0x0000000611c00000, 0x0000000611c00000| Complete 
|  23|0x0000000612000000, 0x0000000612400000, 0x0000000612400000|100%|HC|  |TAMS 0x0000000612000000, 0x0000000612000000| Complete 
|  24|0x0000000612400000, 0x0000000612800000, 0x0000000612800000|100%|HS|  |TAMS 0x0000000612400000, 0x0000000612400000| Complete 
|  25|0x0000000612800000, 0x0000000612800000, 0x0000000612c00000|  0%| F|  |TAMS 0x0000000612800000, 0x0000000612800000| Untracked 
|  26|0x0000000612c00000, 0x0000000612c00000, 0x0000000613000000|  0%| F|  |TAMS 0x0000000612c00000, 0x0000000612c00000| Untracked 
|  27|0x0000000613000000, 0x0000000613000000, 0x0000000613400000|  0%| F|  |TAMS 0x0000000613000000, 0x0000000613000000| Untracked 
|  28|0x0000000613400000, 0x0000000613400000, 0x0000000613800000|  0%| F|  |TAMS 0x0000000613400000, 0x0000000613400000| Untracked 
|  29|0x0000000613800000, 0x0000000613800000, 0x0000000613c00000|  0%| F|  |TAMS 0x0000000613800000, 0x0000000613800000| Untracked 
|  30|0x0000000613c00000, 0x0000000613c00000, 0x0000000614000000|  0%| F|  |TAMS 0x0000000613c00000, 0x0000000613c00000| Untracked 
|  31|0x0000000614000000, 0x0000000614000000, 0x0000000614400000|  0%| F|  |TAMS 0x0000000614000000, 0x0000000614000000| Untracked 
|  32|0x0000000614400000, 0x0000000614400000, 0x0000000614800000|  0%| F|  |TAMS 0x0000000614400000, 0x0000000614400000| Untracked 
|  33|0x0000000614800000, 0x0000000614800000, 0x0000000614c00000|  0%| F|  |TAMS 0x0000000614800000, 0x0000000614800000| Untracked 
|  34|0x0000000614c00000, 0x0000000614c00000, 0x0000000615000000|  0%| F|  |TAMS 0x0000000614c00000, 0x0000000614c00000| Untracked 
|  35|0x0000000615000000, 0x0000000615000000, 0x0000000615400000|  0%| F|  |TAMS 0x0000000615000000, 0x0000000615000000| Untracked 
|  36|0x0000000615400000, 0x0000000615400000, 0x0000000615800000|  0%| F|  |TAMS 0x0000000615400000, 0x0000000615400000| Untracked 
|  37|0x0000000615800000, 0x0000000615800000, 0x0000000615c00000|  0%| F|  |TAMS 0x0000000615800000, 0x0000000615800000| Untracked 
|  38|0x0000000615c00000, 0x0000000615c00000, 0x0000000616000000|  0%| F|  |TAMS 0x0000000615c00000, 0x0000000615c00000| Untracked 
|  39|0x0000000616000000, 0x0000000616000000, 0x0000000616400000|  0%| F|  |TAMS 0x0000000616000000, 0x0000000616000000| Untracked 
|  40|0x0000000616400000, 0x0000000616400000, 0x0000000616800000|  0%| F|  |TAMS 0x0000000616400000, 0x0000000616400000| Untracked 
|  41|0x0000000616800000, 0x0000000616800000, 0x0000000616c00000|  0%| F|  |TAMS 0x0000000616800000, 0x0000000616800000| Untracked 
|  42|0x0000000616c00000, 0x0000000616c00000, 0x0000000617000000|  0%| F|  |TAMS 0x0000000616c00000, 0x0000000616c00000| Untracked 
|  43|0x0000000617000000, 0x0000000617000000, 0x0000000617400000|  0%| F|  |TAMS 0x0000000617000000, 0x0000000617000000| Untracked 
|  44|0x0000000617400000, 0x0000000617621b08, 0x0000000617800000| 53%| S|CS|TAMS 0x0000000617400000, 0x0000000617400000| Complete 
|  45|0x0000000617800000, 0x0000000617800000, 0x0000000617c00000|  0%| F|  |TAMS 0x0000000617800000, 0x0000000617800000| Untracked 
|  46|0x0000000617c00000, 0x0000000617c00000, 0x0000000618000000|  0%| F|  |TAMS 0x0000000617c00000, 0x0000000617c00000| Untracked 
|  47|0x0000000618000000, 0x0000000618000000, 0x0000000618400000|  0%| F|  |TAMS 0x0000000618000000, 0x0000000618000000| Untracked 
|  48|0x0000000618400000, 0x0000000618400000, 0x0000000618800000|  0%| F|  |TAMS 0x0000000618400000, 0x0000000618400000| Untracked 
|  49|0x0000000618800000, 0x0000000618800000, 0x0000000618c00000|  0%| F|  |TAMS 0x0000000618800000, 0x0000000618800000| Untracked 
|  50|0x0000000618c00000, 0x0000000619000000, 0x0000000619000000|100%| S|CS|TAMS 0x0000000618c00000, 0x0000000618c00000| Complete 
|  51|0x0000000619000000, 0x0000000619400000, 0x0000000619400000|100%| S|CS|TAMS 0x0000000619000000, 0x0000000619000000| Complete 
|  52|0x0000000619400000, 0x0000000619800000, 0x0000000619800000|100%| S|CS|TAMS 0x0000000619400000, 0x0000000619400000| Complete 
|  53|0x0000000619800000, 0x0000000619c00000, 0x0000000619c00000|100%| S|CS|TAMS 0x0000000619800000, 0x0000000619800000| Complete 
|  54|0x0000000619c00000, 0x000000061a000000, 0x000000061a000000|100%| S|CS|TAMS 0x0000000619c00000, 0x0000000619c00000| Complete 
|  55|0x000000061a000000, 0x000000061a000000, 0x000000061a400000|  0%| F|  |TAMS 0x000000061a000000, 0x000000061a000000| Untracked 
|  56|0x000000061a400000, 0x000000061a400000, 0x000000061a800000|  0%| F|  |TAMS 0x000000061a400000, 0x000000061a400000| Untracked 
|  57|0x000000061a800000, 0x000000061a800000, 0x000000061ac00000|  0%| F|  |TAMS 0x000000061a800000, 0x000000061a800000| Untracked 
|  58|0x000000061ac00000, 0x000000061ac00000, 0x000000061b000000|  0%| F|  |TAMS 0x000000061ac00000, 0x000000061ac00000| Untracked 
|  59|0x000000061b000000, 0x000000061b000000, 0x000000061b400000|  0%| F|  |TAMS 0x000000061b000000, 0x000000061b000000| Untracked 
|  60|0x000000061b400000, 0x000000061b400000, 0x000000061b800000|  0%| F|  |TAMS 0x000000061b400000, 0x000000061b400000| Untracked 
|  61|0x000000061b800000, 0x000000061b800000, 0x000000061bc00000|  0%| F|  |TAMS 0x000000061b800000, 0x000000061b800000| Untracked 
|  62|0x000000061bc00000, 0x000000061bc00000, 0x000000061c000000|  0%| F|  |TAMS 0x000000061bc00000, 0x000000061bc00000| Untracked 
|  63|0x000000061c000000, 0x000000061c000000, 0x000000061c400000|  0%| F|  |TAMS 0x000000061c000000, 0x000000061c000000| Untracked 
|  64|0x000000061c400000, 0x000000061c400000, 0x000000061c800000|  0%| F|  |TAMS 0x000000061c400000, 0x000000061c400000| Untracked 
|  65|0x000000061c800000, 0x000000061c800000, 0x000000061cc00000|  0%| F|  |TAMS 0x000000061c800000, 0x000000061c800000| Untracked 
|  66|0x000000061cc00000, 0x000000061cc00000, 0x000000061d000000|  0%| F|  |TAMS 0x000000061cc00000, 0x000000061cc00000| Untracked 
|  67|0x000000061d000000, 0x000000061d000000, 0x000000061d400000|  0%| F|  |TAMS 0x000000061d000000, 0x000000061d000000| Untracked 
|  68|0x000000061d400000, 0x000000061d400000, 0x000000061d800000|  0%| F|  |TAMS 0x000000061d400000, 0x000000061d400000| Untracked 
|  69|0x000000061d800000, 0x000000061d800000, 0x000000061dc00000|  0%| F|  |TAMS 0x000000061d800000, 0x000000061d800000| Untracked 
|  70|0x000000061dc00000, 0x000000061dc00000, 0x000000061e000000|  0%| F|  |TAMS 0x000000061dc00000, 0x000000061dc00000| Untracked 
|  71|0x000000061e000000, 0x000000061e000000, 0x000000061e400000|  0%| F|  |TAMS 0x000000061e000000, 0x000000061e000000| Untracked 
|  72|0x000000061e400000, 0x000000061e400000, 0x000000061e800000|  0%| F|  |TAMS 0x000000061e400000, 0x000000061e400000| Untracked 
|  73|0x000000061e800000, 0x000000061e800000, 0x000000061ec00000|  0%| F|  |TAMS 0x000000061e800000, 0x000000061e800000| Untracked 
|  74|0x000000061ec00000, 0x000000061ec00000, 0x000000061f000000|  0%| F|  |TAMS 0x000000061ec00000, 0x000000061ec00000| Untracked 
|  75|0x000000061f000000, 0x000000061f000000, 0x000000061f400000|  0%| F|  |TAMS 0x000000061f000000, 0x000000061f000000| Untracked 
|  76|0x000000061f400000, 0x000000061f400000, 0x000000061f800000|  0%| F|  |TAMS 0x000000061f400000, 0x000000061f400000| Untracked 
|  77|0x000000061f800000, 0x000000061f800000, 0x000000061fc00000|  0%| F|  |TAMS 0x000000061f800000, 0x000000061f800000| Untracked 
|  78|0x000000061fc00000, 0x000000061fc00000, 0x0000000620000000|  0%| F|  |TAMS 0x000000061fc00000, 0x000000061fc00000| Untracked 
|  79|0x0000000620000000, 0x0000000620000000, 0x0000000620400000|  0%| F|  |TAMS 0x0000000620000000, 0x0000000620000000| Untracked 
|  80|0x0000000620400000, 0x0000000620400000, 0x0000000620800000|  0%| F|  |TAMS 0x0000000620400000, 0x0000000620400000| Untracked 
|  81|0x0000000620800000, 0x0000000620800000, 0x0000000620c00000|  0%| F|  |TAMS 0x0000000620800000, 0x0000000620800000| Untracked 
|  82|0x0000000620c00000, 0x0000000620c00000, 0x0000000621000000|  0%| F|  |TAMS 0x0000000620c00000, 0x0000000620c00000| Untracked 
|  83|0x0000000621000000, 0x0000000621000000, 0x0000000621400000|  0%| F|  |TAMS 0x0000000621000000, 0x0000000621000000| Untracked 
|  84|0x0000000621400000, 0x0000000621400000, 0x0000000621800000|  0%| F|  |TAMS 0x0000000621400000, 0x0000000621400000| Untracked 
|  85|0x0000000621800000, 0x0000000621800000, 0x0000000621c00000|  0%| F|  |TAMS 0x0000000621800000, 0x0000000621800000| Untracked 
|  86|0x0000000621c00000, 0x0000000621c00000, 0x0000000622000000|  0%| F|  |TAMS 0x0000000621c00000, 0x0000000621c00000| Untracked 
|  87|0x0000000622000000, 0x0000000622000000, 0x0000000622400000|  0%| F|  |TAMS 0x0000000622000000, 0x0000000622000000| Untracked 
|  88|0x0000000622400000, 0x0000000622400000, 0x0000000622800000|  0%| F|  |TAMS 0x0000000622400000, 0x0000000622400000| Untracked 
|  89|0x0000000622800000, 0x0000000622800000, 0x0000000622c00000|  0%| F|  |TAMS 0x0000000622800000, 0x0000000622800000| Untracked 
|  90|0x0000000622c00000, 0x0000000622c00000, 0x0000000623000000|  0%| F|  |TAMS 0x0000000622c00000, 0x0000000622c00000| Untracked 
|  91|0x0000000623000000, 0x0000000623000000, 0x0000000623400000|  0%| F|  |TAMS 0x0000000623000000, 0x0000000623000000| Untracked 
|  92|0x0000000623400000, 0x0000000623400000, 0x0000000623800000|  0%| F|  |TAMS 0x0000000623400000, 0x0000000623400000| Untracked 
|  93|0x0000000623800000, 0x0000000623800000, 0x0000000623c00000|  0%| F|  |TAMS 0x0000000623800000, 0x0000000623800000| Untracked 
|  94|0x0000000623c00000, 0x0000000623c00000, 0x0000000624000000|  0%| F|  |TAMS 0x0000000623c00000, 0x0000000623c00000| Untracked 
|  95|0x0000000624000000, 0x0000000624000000, 0x0000000624400000|  0%| F|  |TAMS 0x0000000624000000, 0x0000000624000000| Untracked 
|  96|0x0000000624400000, 0x0000000624400000, 0x0000000624800000|  0%| F|  |TAMS 0x0000000624400000, 0x0000000624400000| Untracked 
|  97|0x0000000624800000, 0x0000000624800000, 0x0000000624c00000|  0%| F|  |TAMS 0x0000000624800000, 0x0000000624800000| Untracked 
|  98|0x0000000624c00000, 0x0000000624c00000, 0x0000000625000000|  0%| F|  |TAMS 0x0000000624c00000, 0x0000000624c00000| Untracked 
|  99|0x0000000625000000, 0x0000000625000000, 0x0000000625400000|  0%| F|  |TAMS 0x0000000625000000, 0x0000000625000000| Untracked 
| 100|0x0000000625400000, 0x0000000625400000, 0x0000000625800000|  0%| F|  |TAMS 0x0000000625400000, 0x0000000625400000| Untracked 
| 101|0x0000000625800000, 0x0000000625800000, 0x0000000625c00000|  0%| F|  |TAMS 0x0000000625800000, 0x0000000625800000| Untracked 
| 102|0x0000000625c00000, 0x0000000625c00000, 0x0000000626000000|  0%| F|  |TAMS 0x0000000625c00000, 0x0000000625c00000| Untracked 
| 103|0x0000000626000000, 0x0000000626000000, 0x0000000626400000|  0%| F|  |TAMS 0x0000000626000000, 0x0000000626000000| Untracked 
| 104|0x0000000626400000, 0x0000000626400000, 0x0000000626800000|  0%| F|  |TAMS 0x0000000626400000, 0x0000000626400000| Untracked 
| 105|0x0000000626800000, 0x0000000626800000, 0x0000000626c00000|  0%| F|  |TAMS 0x0000000626800000, 0x0000000626800000| Untracked 
| 106|0x0000000626c00000, 0x0000000626c00000, 0x0000000627000000|  0%| F|  |TAMS 0x0000000626c00000, 0x0000000626c00000| Untracked 
| 107|0x0000000627000000, 0x0000000627000000, 0x0000000627400000|  0%| F|  |TAMS 0x0000000627000000, 0x0000000627000000| Untracked 
| 108|0x0000000627400000, 0x0000000627400000, 0x0000000627800000|  0%| F|  |TAMS 0x0000000627400000, 0x0000000627400000| Untracked 
| 109|0x0000000627800000, 0x0000000627800000, 0x0000000627c00000|  0%| F|  |TAMS 0x0000000627800000, 0x0000000627800000| Untracked 
| 110|0x0000000627c00000, 0x0000000627c00000, 0x0000000628000000|  0%| F|  |TAMS 0x0000000627c00000, 0x0000000627c00000| Untracked 
| 111|0x0000000628000000, 0x0000000628000000, 0x0000000628400000|  0%| F|  |TAMS 0x0000000628000000, 0x0000000628000000| Untracked 
| 112|0x0000000628400000, 0x0000000628400000, 0x0000000628800000|  0%| F|  |TAMS 0x0000000628400000, 0x0000000628400000| Untracked 
| 113|0x0000000628800000, 0x0000000628800000, 0x0000000628c00000|  0%| F|  |TAMS 0x0000000628800000, 0x0000000628800000| Untracked 
| 114|0x0000000628c00000, 0x0000000628c00000, 0x0000000629000000|  0%| F|  |TAMS 0x0000000628c00000, 0x0000000628c00000| Untracked 
| 115|0x0000000629000000, 0x0000000629000000, 0x0000000629400000|  0%| F|  |TAMS 0x0000000629000000, 0x0000000629000000| Untracked 
| 116|0x0000000629400000, 0x0000000629400000, 0x0000000629800000|  0%| F|  |TAMS 0x0000000629400000, 0x0000000629400000| Untracked 
| 117|0x0000000629800000, 0x0000000629800000, 0x0000000629c00000|  0%| F|  |TAMS 0x0000000629800000, 0x0000000629800000| Untracked 
| 118|0x0000000629c00000, 0x0000000629c00000, 0x000000062a000000|  0%| F|  |TAMS 0x0000000629c00000, 0x0000000629c00000| Untracked 
| 119|0x000000062a000000, 0x000000062a000000, 0x000000062a400000|  0%| F|  |TAMS 0x000000062a000000, 0x000000062a000000| Untracked 
| 120|0x000000062a400000, 0x000000062a739340, 0x000000062a800000| 80%| E|  |TAMS 0x000000062a400000, 0x000000062a400000| Complete 
| 121|0x000000062a800000, 0x000000062ac00000, 0x000000062ac00000|100%| E|  |TAMS 0x000000062a800000, 0x000000062a800000| Complete 
| 122|0x000000062ac00000, 0x000000062b000000, 0x000000062b000000|100%| E|CS|TAMS 0x000000062ac00000, 0x000000062ac00000| Complete 
| 123|0x000000062b000000, 0x000000062b400000, 0x000000062b400000|100%| E|CS|TAMS 0x000000062b000000, 0x000000062b000000| Complete 
| 124|0x000000062b400000, 0x000000062b800000, 0x000000062b800000|100%| E|CS|TAMS 0x000000062b400000, 0x000000062b400000| Complete 

Card table byte_map: [0x000001e641330000,0x000001e6422d0000] _byte_map_base: 0x000001e63e2ce000

Marking Bits (Prev, Next): (CMBitMap*) 0x000001e629411bb0, (CMBitMap*) 0x000001e629411bf0
 Prev Bits: [0x000001e643270000, 0x000001e64af60000)
 Next Bits: [0x000001e64af60000, 0x000001e652c50000)

Polling page: 0x000001e627250000

Metaspace:

Usage:
  Non-class:     16.64 MB used.
      Class:      2.06 MB used.
       Both:     18.71 MB used.

Virtual space:
  Non-class space:       24.00 MB reserved,      16.75 MB ( 70%) committed,  3 nodes.
      Class space:        1.00 GB reserved,       2.19 MB ( <1%) committed,  1 nodes.
              Both:        1.02 GB reserved,      18.94 MB (  2%) committed. 

Chunk freelists:
   Non-Class:  2.96 MB
       Class:  1.72 MB
        Both:  4.68 MB

MaxMetaspaceSize: 17179869184.00 GB
CompressedClassSpaceSize: 1.00 GB
 - commit_granule_bytes: 65536.
 - commit_granule_words: 8192.
 - virtual_space_node_default_size: 1048576.
 - enlarge_chunks_in_place: 1.
 - new_chunks_are_fully_committed: 0.
 - uncommit_free_chunks: 1.
 - use_allocation_guard: 0.
 - handle_deallocations: 1.


Internal statistics:

num_allocs_failed_limit: 0.
num_arena_births: 184.
num_arena_deaths: 0.
num_vsnodes_births: 4.
num_vsnodes_deaths: 0.
num_space_committed: 303.
num_space_uncommitted: 0.
num_chunks_returned_to_freelist: 0.
num_chunks_taken_from_freelist: 455.
num_chunk_merges: 0.
num_chunk_splits: 305.
num_chunks_enlarged: 217.
num_purges: 0.

CodeHeap 'non-profiled nmethods': size=119168Kb used=1155Kb max_used=1155Kb free=118012Kb
 bounds [0x000001e6386b0000, 0x000001e638920000, 0x000001e63fb10000]
CodeHeap 'profiled nmethods': size=119104Kb used=5869Kb max_used=5869Kb free=113235Kb
 bounds [0x000001e631260000, 0x000001e631820000, 0x000001e6386b0000]
CodeHeap 'non-nmethods': size=7488Kb used=1395Kb max_used=3069Kb free=6092Kb
 bounds [0x000001e630b10000, 0x000001e630e10000, 0x000001e631260000]
 total_blobs=3652 nmethods=2912 adapters=651
 compilation: enabled
              stopped_count=0, restarted_count=0
 full_count=0

Compilation events (20 events):
Event: 37.071 Thread 0x000001e655c1d8a0 nmethod 2904 0x000001e631810610 code [0x000001e631810860, 0x000001e631811518]
Event: 37.074 Thread 0x000001e655c1cea0 nmethod 2905 0x000001e6387d0290 code [0x000001e6387d0420, 0x000001e6387d0938]
Event: 37.318 Thread 0x000001e655c1d8a0 2906   !   3       java.util.concurrent.locks.AbstractQueuedSynchronizer::acquire (407 bytes)
Event: 37.319 Thread 0x000001e655c1d8a0 nmethod 2906 0x000001e631811810 code [0x000001e631811ba0, 0x000001e6318135f8]
Event: 37.325 Thread 0x000001e655c1d8a0 2907       3       java.util.concurrent.locks.AbstractQueuedSynchronizer$Node::clearStatus (12 bytes)
Event: 37.325 Thread 0x000001e655c1d8a0 nmethod 2907 0x000001e631813f10 code [0x000001e6318140c0, 0x000001e631814228]
Event: 37.406 Thread 0x000001e655c1d8a0 2908       3       java.util.concurrent.locks.AbstractQueuedSynchronizer$ConditionObject::enableWait (84 bytes)
Event: 37.407 Thread 0x000001e655c1d8a0 nmethod 2908 0x000001e631814310 code [0x000001e631814540, 0x000001e631814ce8]
Event: 37.407 Thread 0x000001e655c1d8a0 2909   !   3       java.util.concurrent.ForkJoinPool::managedBlock (158 bytes)
Event: 37.408 Thread 0x000001e655c1d8a0 nmethod 2909 0x000001e631814f90 code [0x000001e6318152a0, 0x000001e631816b58]
Event: 37.422 Thread 0x000001e655c1d8a0 2910       3       java.awt.Container::getMouseEventTarget (12 bytes)
Event: 37.422 Thread 0x000001e655c1d8a0 nmethod 2910 0x000001e631817190 code [0x000001e631817340, 0x000001e631817488]
Event: 37.422 Thread 0x000001e655c1d8a0 2911       3       java.awt.LightweightDispatcher::trackMouseEnterExit (111 bytes)
Event: 37.423 Thread 0x000001e655c1d8a0 nmethod 2911 0x000001e631817510 code [0x000001e631817840, 0x000001e631818e48]
Event: 37.581 Thread 0x000001e655c1d8a0 2912       3       java.awt.LightweightDispatcher::processMouseEvent (265 bytes)
Event: 37.582 Thread 0x000001e655c1d8a0 nmethod 2912 0x000001e631819510 code [0x000001e631819840, 0x000001e63181aeb8]
Event: 38.863 Thread 0x000001e655c1d8a0 2913       1       java.awt.BasicStroke::getLineWidth (5 bytes)
Event: 38.863 Thread 0x000001e655c1d8a0 nmethod 2913 0x000001e6387d0990 code [0x000001e6387d0b20, 0x000001e6387d0bf8]
Event: 38.937 Thread 0x000001e655c1cea0 2914       4       java.awt.Component::isLightweight (8 bytes)
Event: 38.938 Thread 0x000001e655c1cea0 nmethod 2914 0x000001e6387d0c90 code [0x000001e6387d0e20, 0x000001e6387d0ef8]

GC Heap History (10 events):
Event: 0.640 GC heap before
{Heap before GC invocations=0 (full 0):
 garbage-first heap   total 512000K, used 24576K [0x000000060c400000, 0x0000000800000000)
  region size 4096K, 6 young (24576K), 0 survivors (0K)
 Metaspace       used 9815K, committed 10112K, reserved 1064960K
  class space    used 997K, committed 1152K, reserved 1048576K
}
Event: 0.644 GC heap after
{Heap after GC invocations=1 (full 0):
 garbage-first heap   total 512000K, used 3406K [0x000000060c400000, 0x0000000800000000)
  region size 4096K, 1 young (4096K), 1 survivors (4096K)
 Metaspace       used 9815K, committed 10112K, reserved 1064960K
  class space    used 997K, committed 1152K, reserved 1048576K
}
Event: 0.759 GC heap before
{Heap before GC invocations=1 (full 0):
 garbage-first heap   total 512000K, used 81230K [0x000000060c400000, 0x0000000800000000)
  region size 4096K, 9 young (36864K), 1 survivors (4096K)
 Metaspace       used 11642K, committed 11840K, reserved 1064960K
  class space    used 1197K, committed 1280K, reserved 1048576K
}
Event: 0.764 GC heap after
{Heap after GC invocations=2 (full 0):
 garbage-first heap   total 512000K, used 66508K [0x000000060c400000, 0x0000000800000000)
  region size 4096K, 1 young (4096K), 1 survivors (4096K)
 Metaspace       used 11642K, committed 11840K, reserved 1064960K
  class space    used 1197K, committed 1280K, reserved 1048576K
}
Event: 0.911 GC heap before
{Heap before GC invocations=2 (full 0):
 garbage-first heap   total 512000K, used 173004K [0x000000060c400000, 0x0000000800000000)
  region size 4096K, 26 young (106496K), 1 survivors (4096K)
 Metaspace       used 11808K, committed 11968K, reserved 1064960K
  class space    used 1210K, committed 1280K, reserved 1048576K
}
Event: 0.912 GC heap after
{Heap after GC invocations=3 (full 0):
 garbage-first heap   total 512000K, used 73213K [0x000000060c400000, 0x0000000800000000)
  region size 4096K, 1 young (4096K), 1 survivors (4096K)
 Metaspace       used 11808K, committed 11968K, reserved 1064960K
  class space    used 1210K, committed 1280K, reserved 1048576K
}
Event: 1.451 GC heap before
{Heap before GC invocations=3 (full 0):
 garbage-first heap   total 512000K, used 396797K [0x000000060c400000, 0x0000000800000000)
  region size 4096K, 75 young (307200K), 1 survivors (4096K)
 Metaspace       used 13446K, committed 13696K, reserved 1064960K
  class space    used 1417K, committed 1536K, reserved 1048576K
}
Event: 1.454 GC heap after
{Heap after GC invocations=4 (full 0):
 garbage-first heap   total 512000K, used 112987K [0x000000060c400000, 0x0000000800000000)
  region size 4096K, 5 young (20480K), 5 survivors (20480K)
 Metaspace       used 13446K, committed 13696K, reserved 1064960K
  class space    used 1417K, committed 1536K, reserved 1048576K
}
Event: 5.048 GC heap before
{Heap before GC invocations=4 (full 0):
 garbage-first heap   total 512000K, used 403803K [0x000000060c400000, 0x0000000800000000)
  region size 4096K, 75 young (307200K), 5 survivors (20480K)
 Metaspace       used 18851K, committed 19136K, reserved 1073152K
  class space    used 2096K, committed 2240K, reserved 1048576K
}
Event: 5.051 GC heap after
{Heap after GC invocations=5 (full 0):
 garbage-first heap   total 512000K, used 121939K [0x000000060c400000, 0x0000000800000000)
  region size 4096K, 6 young (24576K), 6 survivors (24576K)
 Metaspace       used 18851K, committed 19136K, reserved 1073152K
  class space    used 2096K, committed 2240K, reserved 1048576K
}

Deoptimization events (20 events):
Event: 4.120 Thread 0x000001e6573c7390 DEOPT PACKING pc=0x000001e631731630 sp=0x000000d56fdfd850
Event: 4.120 Thread 0x000001e6573c7390 DEOPT UNPACKING pc=0x000001e630b5dece sp=0x000000d56fdfcc00 mode 0
Event: 4.374 Thread 0x000001e6573c7390 Uncommon trap: trap_request=0xffffff45 fr.pc=0x000001e6387a353c relative=0x000000000000009c
Event: 4.374 Thread 0x000001e6573c7390 Uncommon trap: reason=unstable_if action=reinterpret pc=0x000001e6387a353c method=java.awt.Component.inside(II)Z @ 1 c2
Event: 4.374 Thread 0x000001e6573c7390 DEOPT PACKING pc=0x000001e6387a353c sp=0x000000d56fdfe8e0
Event: 4.374 Thread 0x000001e6573c7390 DEOPT UNPACKING pc=0x000001e630b5d72e sp=0x000000d56fdfe780 mode 2
Event: 5.078 Thread 0x000001e6573c7390 DEOPT PACKING pc=0x000001e6316450a9 sp=0x000000d56fdfd6e0
Event: 5.078 Thread 0x000001e6573c7390 DEOPT UNPACKING pc=0x000001e630b5dece sp=0x000000d56fdfca68 mode 0
Event: 6.207 Thread 0x000001e6573c7390 DEOPT PACKING pc=0x000001e63171ad21 sp=0x000000d56fdfd6a0
Event: 6.207 Thread 0x000001e6573c7390 DEOPT UNPACKING pc=0x000001e630b5dece sp=0x000000d56fdfcaf0 mode 0
Event: 6.320 Thread 0x000001e6573c7390 DEOPT PACKING pc=0x000001e631634342 sp=0x000000d56fdfd6a0
Event: 6.320 Thread 0x000001e6573c7390 DEOPT UNPACKING pc=0x000001e630b5dece sp=0x000000d56fdfcb30 mode 0
Event: 6.408 Thread 0x000001e6573c7390 Uncommon trap: trap_request=0xfffffff4 fr.pc=0x000001e638797b40 relative=0x00000000000000a0
Event: 6.408 Thread 0x000001e6573c7390 Uncommon trap: reason=null_check action=make_not_entrant pc=0x000001e638797b40 method=java.awt.Component.isLightweight()Z @ 4 c2
Event: 6.408 Thread 0x000001e6573c7390 DEOPT PACKING pc=0x000001e638797b40 sp=0x000000d56fdfe9a0
Event: 6.408 Thread 0x000001e6573c7390 DEOPT UNPACKING pc=0x000001e630b5d72e sp=0x000000d56fdfe930 mode 2
Event: 7.128 Thread 0x000001e6573c7390 DEOPT PACKING pc=0x000001e63173f15d sp=0x000000d56fdfd9b0
Event: 7.128 Thread 0x000001e6573c7390 DEOPT UNPACKING pc=0x000001e630b5dece sp=0x000000d56fdfcda8 mode 0
Event: 7.128 Thread 0x000001e6573c7390 DEOPT PACKING pc=0x000001e631643b8b sp=0x000000d56fdfd980
Event: 7.128 Thread 0x000001e6573c7390 DEOPT UNPACKING pc=0x000001e630b5dece sp=0x000000d56fdfcda0 mode 0

Classes unloaded (0 events):
No events

Classes redefined (0 events):
No events

Internal exceptions (20 events):
Event: 0.590 Thread 0x000001e62939c730 Implicit null exception at 0x000001e6386e979e to 0x000001e6386e9ff0
Event: 0.663 Thread 0x000001e62939c730 Exception <a 'java/lang/NoSuchMethodError'{0x000000062b4c3f38}: 'void java.lang.invoke.DirectMethodHandle$Holder.invokeVirtual(java.lang.Object, java.lang.Object)'> (0x000000062b4c3f38) 
thrown [t:\workspace\open\src\hotspot\share\interpreter\linkResolver.cpp, line 790]
Event: 0.693 Thread 0x000001e62939c730 Exception <a 'java/lang/NoSuchMethodError'{0x000000062b609528}: 'void java.lang.invoke.DirectMethodHandle$Holder.invokeStatic(java.lang.Object, java.lang.Object, java.lang.Object)'> (0x000000062b609528) 
thrown [t:\workspace\open\src\hotspot\share\interpreter\linkResolver.cpp, line 790]
Event: 0.756 Thread 0x000001e62939c730 Exception <a 'java/lang/NoSuchMethodError'{0x000000062af919b8}: 'int java.lang.invoke.DirectMethodHandle$Holder.invokeSpecial(java.lang.Object, java.lang.Object, java.lang.Object)'> (0x000000062af919b8) 
thrown [t:\workspace\open\src\hotspot\share\interpreter\linkResolver.cpp, line 790]
Event: 0.950 Thread 0x000001e62939c730 Exception <a 'sun/nio/fs/WindowsException'{0x0000000629eb0dc0}> (0x0000000629eb0dc0) 
thrown [t:\workspace\open\src\hotspot\share\prims\jni.cpp, line 579]
Event: 0.950 Thread 0x000001e62939c730 Exception <a 'sun/nio/fs/WindowsException'{0x0000000629eb1118}> (0x0000000629eb1118) 
thrown [t:\workspace\open\src\hotspot\share\prims\jni.cpp, line 579]
Event: 1.239 Thread 0x000001e62939c730 Exception <a 'java/lang/NoSuchMethodError'{0x000000061cfa8618}: 'void java.lang.invoke.DirectMethodHandle$Holder.invokeStatic(java.lang.Object, java.lang.Object, java.lang.Object, java.lang.Object)'> (0x000000061cfa8618) 
thrown [t:\workspace\open\src\hotspot\share\interpreter\linkResolver.cpp, line 790]
Event: 1.243 Thread 0x000001e62939c730 Exception <a 'java/lang/NoSuchMethodError'{0x000000061cfbba50}: 'void java.lang.invoke.DirectMethodHandle$Holder.invokeSpecial(java.lang.Object, java.lang.Object, java.lang.Object, java.lang.Object, java.lang.Object)'> (0x000000061cfbba50) 
thrown [t:\workspace\open\src\hotspot\share\interpreter\linkResolver.cpp, line 790]
Event: 1.260 Thread 0x000001e62939c730 Exception <a 'java/lang/NoSuchMethodError'{0x000000061c006008}: 'java.lang.Object java.lang.invoke.DirectMethodHandle$Holder.invokeStaticInit(java.lang.Object, int, int, int, int)'> (0x000000061c006008) 
thrown [t:\workspace\open\src\hotspot\share\interpreter\linkResolver.cpp, line 790]
Event: 1.317 Thread 0x000001e62939c730 Exception <a 'java/lang/NoSuchMethodError'{0x000000061c0586d8}: 'java.lang.Object java.lang.invoke.DirectMethodHandle$Holder.invokeStaticInit(java.lang.Object, java.lang.Object, int, int, int, int)'> (0x000000061c0586d8) 
thrown [t:\workspace\open\src\hotspot\share\interpreter\linkResolver.cpp, line 790]
Event: 1.431 Thread 0x000001e6573c7390 Exception <a 'java/lang/ClassNotFoundException'{0x000000061ae98ad0}: com/sun/swing/internal/plaf/basic/resources/spi/basicProvider> (0x000000061ae98ad0) 
thrown [t:\workspace\open\src\hotspot\share\classfile\systemDictionary.cpp, line 256]
Event: 1.449 Thread 0x000001e6573c7390 Exception <a 'sun/nio/fs/WindowsException'{0x0000000618d65ad0}> (0x0000000618d65ad0) 
thrown [t:\workspace\open\src\hotspot\share\prims\jni.cpp, line 579]
Event: 1.827 Thread 0x000001e6573c7390 Exception <a 'java/lang/ClassNotFoundException'{0x0000000623626140}: sun/util/logging/resources/spi/loggingProvider> (0x0000000623626140) 
thrown [t:\workspace\open\src\hotspot\share\classfile\systemDictionary.cpp, line 256]
Event: 1.865 Thread 0x000001e6573c7390 Exception <a 'java/lang/NoSuchMethodError'{0x0000000623753d58}: 'void java.lang.invoke.DirectMethodHandle$Holder.invokeStaticInit(java.lang.Object)'> (0x0000000623753d58) 
thrown [t:\workspace\open\src\hotspot\share\interpreter\linkResolver.cpp, line 790]
Event: 1.902 Thread 0x000001e6573c88d0 Exception <a 'java/lang/NoSuchMethodError'{0x00000006230ea8d8}: 'java.lang.Object java.lang.invoke.DirectMethodHandle$Holder.newInvokeSpecial(java.lang.Object, java.lang.Object, java.lang.Object, int, int, int, int, int)'> (0x00000006230ea8d8) 
thrown [t:\workspace\open\src\hotspot\share\interpreter\linkResolver.cpp, line 790]
Event: 3.865 Thread 0x000001e6573c7390 Exception <a 'java/lang/NoSuchMethodError'{0x0000000620da63c8}: 'java.lang.Object java.lang.invoke.DirectMethodHandle$Holder.newInvokeSpecial(java.lang.Object, java.lang.Object, double)'> (0x0000000620da63c8) 
thrown [t:\workspace\open\src\hotspot\share\interpreter\linkResolver.cpp, line 790]
Event: 3.866 Thread 0x000001e6573c7390 Exception <a 'java/lang/NoSuchMethodError'{0x0000000620daa648}: 'java.lang.Object java.lang.invoke.DirectMethodHandle$Holder.invokeSpecial(java.lang.Object, java.lang.Object, java.lang.Object, double)'> (0x0000000620daa648) 
thrown [t:\workspace\open\src\hotspot\share\interpreter\linkResolver.cpp, line 790]
Event: 3.870 Thread 0x000001e6573c7390 Implicit null exception at 0x000001e638771e80 to 0x000001e6387723a4
Event: 6.408 Thread 0x000001e6573c7390 Implicit null exception at 0x000001e638797ad0 to 0x000001e638797b33
Event: 6.409 Thread 0x000001e6573c7390 Exception <a 'java/lang/NoSuchMethodError'{0x000000062afcf380}: 'java.lang.Object java.lang.invoke.DirectMethodHandle$Holder.invokeSpecial(java.lang.Object, java.lang.Object, double, double)'> (0x000000062afcf380) 
thrown [t:\workspace\open\src\hotspot\share\interpreter\linkResolver.cpp, line 790]

Events (20 events):
Event: 6.455 loading class sun/java2d/loops/MaskBlit$General done
Event: 6.908 Thread 0x000001e6573c88d0 Thread exited: 0x000001e6573c88d0
Event: 7.065 Executing  VM operation: Cleanup
Event: 7.065 Executing  VM operation: Cleanup done
Event: 7.166 loading class java/awt/LightweightDispatcher$2
Event: 7.166 loading class java/awt/LightweightDispatcher$2 done
Event: 8.073 Executing  VM operation: Cleanup
Event: 8.073 Executing  VM operation: Cleanup done
Event: 18.785 Thread 0x000001e65691c9c0 Thread exited: 0x000001e65691c9c0
Event: 23.787 Thread 0x000001e65690bfc0 Thread exited: 0x000001e65690bfc0
Event: 37.307 Executing  VM operation: Cleanup
Event: 37.307 Executing  VM operation: Cleanup done
Event: 38.310 Executing  VM operation: Cleanup
Event: 38.311 Executing  VM operation: Cleanup done
Event: 38.926 loading class java/awt/Window$1DisposeAction
Event: 38.926 loading class java/awt/Window$1DisposeAction done
Event: 38.926 loading class java/awt/KeyboardFocusManager$2
Event: 38.926 loading class java/awt/KeyboardFocusManager$2 done
Event: 38.926 loading class sun/awt/SunToolkit$1
Event: 38.926 loading class sun/awt/SunToolkit$1 done


Dynamic libraries:
0x00007ff6320c0000 - 0x00007ff6320d0000 	C:\Program Files\Java\jdk-16\bin\java.exe
0x00007ffaab850000 - 0x00007ffaaba45000 	C:\WINDOWS\SYSTEM32\ntdll.dll
0x00007ffaab750000 - 0x00007ffaab80d000 	C:\WINDOWS\System32\KERNEL32.DLL
0x00007ffaa9270000 - 0x00007ffaa9538000 	C:\WINDOWS\System32\KERNELBASE.dll
0x00007ffaa9170000 - 0x00007ffaa9270000 	C:\WINDOWS\System32\ucrtbase.dll
0x00007ffaa63b0000 - 0x00007ffaa63c9000 	C:\Program Files\Java\jdk-16\bin\VCRUNTIME140.dll
0x00007ffaa4780000 - 0x00007ffaa4798000 	C:\Program Files\Java\jdk-16\bin\jli.dll
0x00007ffaaac20000 - 0x00007ffaaaccc000 	C:\WINDOWS\System32\ADVAPI32.dll
0x00007ffaaa470000 - 0x00007ffaaa50e000 	C:\WINDOWS\System32\msvcrt.dll
0x00007ffaaae30000 - 0x00007ffaaaecb000 	C:\WINDOWS\System32\sechost.dll
0x00007ffaaa540000 - 0x00007ffaaa66b000 	C:\WINDOWS\System32\RPCRT4.dll
0x00007ffaab180000 - 0x00007ffaab320000 	C:\WINDOWS\System32\USER32.dll
0x00007ffaa9140000 - 0x00007ffaa9162000 	C:\WINDOWS\System32\win32u.dll
0x00007ffa99150000 - 0x00007ffa993ea000 	C:\WINDOWS\WinSxS\amd64_microsoft.windows.common-controls_6595b64144ccf1df_6.0.19041.844_none_ca00b6081b84eb1d\COMCTL32.dll
0x00007ffaaaff0000 - 0x00007ffaab01a000 	C:\WINDOWS\System32\GDI32.dll
0x00007ffaa97a0000 - 0x00007ffaa98ab000 	C:\WINDOWS\System32\gdi32full.dll
0x00007ffaa90a0000 - 0x00007ffaa913d000 	C:\WINDOWS\System32\msvcp_win.dll
0x00007ffaa1630000 - 0x00007ffaa163a000 	C:\WINDOWS\SYSTEM32\VERSION.dll
0x00007ffaaa510000 - 0x00007ffaaa540000 	C:\WINDOWS\System32\IMM32.DLL
0x00007ffaa63a0000 - 0x00007ffaa63ac000 	C:\Program Files\Java\jdk-16\bin\vcruntime140_1.dll
0x00007ffa8d890000 - 0x00007ffa8d921000 	C:\Program Files\Java\jdk-16\bin\msvcp140.dll
0x00007ffa334e0000 - 0x00007ffa3408b000 	C:\Program Files\Java\jdk-16\bin\server\jvm.dll
0x00007ffaab530000 - 0x00007ffaab538000 	C:\WINDOWS\System32\PSAPI.DLL
0x00007ffa9ee10000 - 0x00007ffa9ee37000 	C:\WINDOWS\SYSTEM32\WINMM.dll
0x00007ffa99fd0000 - 0x00007ffa99fd9000 	C:\WINDOWS\SYSTEM32\WSOCK32.dll
0x00007ffaaa850000 - 0x00007ffaaa8bb000 	C:\WINDOWS\System32\WS2_32.dll
0x00007ffaa7840000 - 0x00007ffaa7852000 	C:\WINDOWS\SYSTEM32\kernel.appcore.dll
0x00007ffaa4630000 - 0x00007ffaa463a000 	C:\Program Files\Java\jdk-16\bin\jimage.dll
0x00007ffaa7630000 - 0x00007ffaa7814000 	C:\WINDOWS\SYSTEM32\DBGHELP.DLL
0x00007ffa990f0000 - 0x00007ffa9911c000 	C:\WINDOWS\SYSTEM32\dbgcore.DLL
0x00007ffaa96a0000 - 0x00007ffaa9720000 	C:\WINDOWS\System32\bcryptPrimitives.dll
0x00007ffaa4570000 - 0x00007ffaa457e000 	C:\Program Files\Java\jdk-16\bin\instrument.dll
0x00007ffa911e0000 - 0x00007ffa91205000 	C:\Program Files\Java\jdk-16\bin\java.dll
0x00007ffaa98b0000 - 0x00007ffaa9ff2000 	C:\WINDOWS\System32\SHELL32.dll
0x00007ffaa6ea0000 - 0x00007ffaa7630000 	C:\WINDOWS\SYSTEM32\windows.storage.dll
0x00007ffaaa8c0000 - 0x00007ffaaac15000 	C:\WINDOWS\System32\combase.dll
0x00007ffaa8990000 - 0x00007ffaa89bc000 	C:\WINDOWS\SYSTEM32\Wldp.dll
0x00007ffaaa670000 - 0x00007ffaaa71e000 	C:\WINDOWS\System32\SHCORE.dll
0x00007ffaab540000 - 0x00007ffaab595000 	C:\WINDOWS\System32\shlwapi.dll
0x00007ffaa8ed0000 - 0x00007ffaa8eef000 	C:\WINDOWS\SYSTEM32\profapi.dll
0x00007ffa8d830000 - 0x00007ffa8d848000 	C:\Program Files\Java\jdk-16\bin\zip.dll
0x00007ffa8d870000 - 0x00007ffa8d889000 	C:\Program Files\Java\jdk-16\bin\net.dll
0x00007ffa9d3c0000 - 0x00007ffa9d4cb000 	C:\WINDOWS\SYSTEM32\WINHTTP.dll
0x00007ffaa8700000 - 0x00007ffaa876a000 	C:\WINDOWS\system32\mswsock.dll
0x00007ffa8d850000 - 0x00007ffa8d863000 	C:\Program Files\Java\jdk-16\bin\nio.dll
0x00007ffa8d790000 - 0x00007ffa8d7aa000 	C:\Program Files\JetBrains\IntelliJ IDEA 2021.1.1\bin\breakgen64.dll
0x00007ffa8cf40000 - 0x00007ffa8d0c0000 	C:\Program Files\Java\jdk-16\bin\awt.dll
0x00007ffaab0b0000 - 0x00007ffaab17d000 	C:\WINDOWS\System32\OLEAUT32.dll
0x00007ffaa64b0000 - 0x00007ffaa6540000 	C:\WINDOWS\SYSTEM32\apphelp.dll
0x00007ffaa66e0000 - 0x00007ffaa677e000 	C:\WINDOWS\system32\uxtheme.dll
0x00007ffaaaed0000 - 0x00007ffaaafe5000 	C:\WINDOWS\System32\MSCTF.dll
0x00007ffaaa720000 - 0x00007ffaaa84a000 	C:\WINDOWS\System32\ole32.dll
0x00007ffa86230000 - 0x00007ffa862b9000 	C:\Program Files\Java\jdk-16\bin\freetype.dll
0x00007ffa74fb0000 - 0x00007ffa750a6000 	C:\Program Files\Java\jdk-16\bin\harfbuzz.dll
0x00007ffa8d670000 - 0x00007ffa8d682000 	C:\Program Files\Java\jdk-16\bin\fontmanager.dll
0x00007ffaa68f0000 - 0x00007ffaa691f000 	C:\WINDOWS\system32\DWMAPI.DLL
0x00007ffa8d600000 - 0x00007ffa8d62d000 	C:\Program Files\Java\jdk-16\bin\javajpeg.dll
0x00007ffa8cf00000 - 0x00007ffa8cf3f000 	C:\Program Files\Java\jdk-16\bin\lcms.dll
0x00007ffaa88d0000 - 0x00007ffaa88e8000 	C:\WINDOWS\SYSTEM32\CRYPTSP.dll
0x00007ffaa8040000 - 0x00007ffaa8074000 	C:\WINDOWS\system32\rsaenh.dll
0x00007ffaa9770000 - 0x00007ffaa9797000 	C:\WINDOWS\System32\bcrypt.dll
0x00007ffaa8e90000 - 0x00007ffaa8ebe000 	C:\WINDOWS\SYSTEM32\USERENV.dll
0x00007ffaa88f0000 - 0x00007ffaa88fc000 	C:\WINDOWS\SYSTEM32\CRYPTBASE.dll
0x00007ffaa8390000 - 0x00007ffaa83cb000 	C:\WINDOWS\SYSTEM32\IPHLPAPI.DLL
0x00007ffaab0a0000 - 0x00007ffaab0a8000 	C:\WINDOWS\System32\NSI.dll
0x00007ffaa1f40000 - 0x00007ffaa1f57000 	C:\WINDOWS\SYSTEM32\dhcpcsvc6.DLL
0x00007ffaa1f20000 - 0x00007ffaa1f3d000 	C:\WINDOWS\SYSTEM32\dhcpcsvc.DLL
0x00007ffaa83d0000 - 0x00007ffaa849c000 	C:\WINDOWS\SYSTEM32\DNSAPI.dll
0x00007ffa41a30000 - 0x00007ffa41b56000 	C:\WINDOWS\system32\opengl32.dll
0x00007ffa41550000 - 0x00007ffa4157c000 	C:\WINDOWS\SYSTEM32\GLU32.dll
0x00007ffa5f5f0000 - 0x00007ffa5f7be000 	C:\WINDOWS\system32\d3d9.dll
0x00007ffa9ee40000 - 0x00007ffa9f01b000 	C:\WINDOWS\System32\DriverStore\FileRepository\u0363627.inf_amd64_31989134f5ba3b04\B363566\aticfx64.dll
0x00007ffa4e430000 - 0x00007ffa4e463000 	C:\WINDOWS\System32\DriverStore\FileRepository\u0363627.inf_amd64_31989134f5ba3b04\B363566\atiu9p64.dll
0x00007ffa4d790000 - 0x00007ffa4e426000 	C:\WINDOWS\System32\DriverStore\FileRepository\u0363627.inf_amd64_31989134f5ba3b04\B363566\atiumd64.dll
0x0000000065bd0000 - 0x0000000066a4e000 	C:\WINDOWS\System32\DriverStore\FileRepository\u0363627.inf_amd64_31989134f5ba3b04\B363566\atiumd6a.dll
0x00007ffaa8d50000 - 0x00007ffaa8d9b000 	C:\WINDOWS\SYSTEM32\POWRPROF.dll
0x00007ffaa8d00000 - 0x00007ffaa8d12000 	C:\WINDOWS\SYSTEM32\UMPDC.dll
0x00007ffa9ed40000 - 0x00007ffa9ed6f000 	C:\WINDOWS\SYSTEM32\amdihk64.dll
0x00007ffa9f900000 - 0x00007ffa9f93b000 	C:\WINDOWS\SYSTEM32\dxcore.dll
0x00007ffaa9720000 - 0x00007ffaa976e000 	C:\WINDOWS\System32\cfgmgr32.dll
0x00007ffa8d7d0000 - 0x00007ffa8d7d6000 	C:\Users\malsh\AppData\Local\Temp\flatlaf.temp\flatlaf-windows-x86_64-12283308146774355394.dll
0x00007ffa8d5f0000 - 0x00007ffa8d5f7000 	C:\Program Files\Java\jdk-16\bin\jawt.dll
0x00007ffa92200000 - 0x00007ffa922f9000 	C:\WINDOWS\SYSTEM32\textinputframework.dll
0x00007ffaa6190000 - 0x00007ffaa6282000 	C:\WINDOWS\System32\CoreMessaging.dll
0x00007ffaa58e0000 - 0x00007ffaa5c3e000 	C:\WINDOWS\System32\CoreUIComponents.dll
0x00007ffaa7cb0000 - 0x00007ffaa7ce3000 	C:\WINDOWS\SYSTEM32\ntmarta.dll
0x00007ffaa48e0000 - 0x00007ffaa4a34000 	C:\WINDOWS\SYSTEM32\wintypes.dll
0x00007ffaab3b0000 - 0x00007ffaab459000 	C:\WINDOWS\System32\clbcatq.dll
0x00007ffaa28c0000 - 0x00007ffaa2a74000 	C:\WINDOWS\SYSTEM32\WindowsCodecs.dll
0x00007ffa7c4a0000 - 0x00007ffa7c4de000 	C:\WINDOWS\system32\dataexchange.dll
0x00007ffaa56f0000 - 0x00007ffaa58d5000 	C:\WINDOWS\system32\dcomp.dll
0x00007ffaa4ea0000 - 0x00007ffaa5104000 	C:\WINDOWS\system32\d3d11.dll
0x00007ffaa78b0000 - 0x00007ffaa79a4000 	C:\WINDOWS\system32\dxgi.dll
0x00007ffaa2c40000 - 0x00007ffaa2e41000 	C:\WINDOWS\system32\twinapi.appcore.dll

dbghelp: loaded successfully - version: 4.0.5 - missing functions: none
symbol engine: initialized successfully - sym options: 0x614 - pdb path: .;C:\Program Files\Java\jdk-16\bin;C:\WINDOWS\SYSTEM32;C:\WINDOWS\WinSxS\amd64_microsoft.windows.common-controls_6595b64144ccf1df_6.0.19041.844_none_ca00b6081b84eb1d;C:\Program Files\Java\jdk-16\bin\server;C:\Program Files\JetBrains\IntelliJ IDEA 2021.1.1\bin;C:\WINDOWS\System32\DriverStore\FileRepository\u0363627.inf_amd64_31989134f5ba3b04\B363566;C:\Users\malsh\AppData\Local\Temp\flatlaf.temp

VM Arguments:
jvm_args: -javaagent:C:\Program Files\JetBrains\IntelliJ IDEA 2021.1.1\lib\idea_rt.jar=29663:C:\Program Files\JetBrains\IntelliJ IDEA 2021.1.1\bin -Dfile.encoding=UTF-8 
java_command: nl.rug.oop.flaps.Main
java_class_path (initial): C:\Users\malsh\2021_Team_049\target\classes;C:\Users\malsh\.m2\repository\org\projectlombok\lombok\1.18.20\lombok-1.18.20.jar;C:\Users\malsh\.m2\repository\com\fasterxml\jackson\core\jackson-databind\2.12.3\jackson-databind-2.12.3.jar;C:\Users\malsh\.m2\repository\com\fasterxml\jackson\core\jackson-annotations\2.12.3\jackson-annotations-2.12.3.jar;C:\Users\malsh\.m2\repository\com\fasterxml\jackson\core\jackson-core\2.12.3\jackson-core-2.12.3.jar;C:\Users\malsh\.m2\repository\com\fasterxml\jackson\dataformat\jackson-dataformat-yaml\2.12.3\jackson-dataformat-yaml-2.12.3.jar;C:\Users\malsh\.m2\repository\org\yaml\snakeyaml\1.27\snakeyaml-1.27.jar;C:\Users\malsh\.m2\repository\com\formdev\flatlaf\1.1.2\flatlaf-1.1.2.jar
Launcher Type: SUN_STANDARD

[Global flags]
     intx CICompilerCount                          = 12                                        {product} {ergonomic}
     uint ConcGCThreads                            = 3                                         {product} {ergonomic}
     uint G1ConcRefinementThreads                  = 13                                        {product} {ergonomic}
   size_t G1HeapRegionSize                         = 4194304                                   {product} {ergonomic}
    uintx GCDrainStackTargetSize                   = 64                                        {product} {ergonomic}
   size_t InitialHeapSize                          = 524288000                                 {product} {ergonomic}
   size_t MarkStackSize                            = 4194304                                   {product} {ergonomic}
   size_t MaxHeapSize                              = 8384413696                                {product} {ergonomic}
   size_t MaxNewSize                               = 5028970496                                {product} {ergonomic}
   size_t MinHeapDeltaBytes                        = 4194304                                   {product} {ergonomic}
   size_t MinHeapSize                              = 8388608                                   {product} {ergonomic}
    uintx NonNMethodCodeHeapSize                   = 7602480                                {pd product} {ergonomic}
    uintx NonProfiledCodeHeapSize                  = 122027880                              {pd product} {ergonomic}
    uintx ProfiledCodeHeapSize                     = 122027880                              {pd product} {ergonomic}
    uintx ReservedCodeCacheSize                    = 251658240                              {pd product} {ergonomic}
     bool SegmentedCodeCache                       = true                                      {product} {ergonomic}
   size_t SoftMaxHeapSize                          = 8384413696                             {manageable} {ergonomic}
     bool UseCompressedClassPointers               = true                           {product lp64_product} {ergonomic}
     bool UseCompressedOops                        = true                           {product lp64_product} {ergonomic}
     bool UseG1GC                                  = true                                      {product} {ergonomic}
     bool UseLargePagesIndividualAllocation        = false                                  {pd product} {ergonomic}

Logging:
Log output configuration:
 #0: stdout all=warning uptime,level,tags
 #1: stderr all=off uptime,level,tags

Environment Variables:
PATH=C:\Program Files\Common Files\Oracle\Java\javapath;C:\Program Files\Python38\Scripts\;C:\Program Files\Python38\;C:\Python39\Scripts\;C:\Python39\;C:\WINDOWS\system32;C:\WINDOWS;C:\WINDOWS\System32\Wbem;C:\WINDOWS\System32\WindowsPowerShell\v1.0\;C:\WINDOWS\System32\OpenSSH\;C:\Program Files\Microsoft VS Code\bin;C:\ProgramData\chocolatey\bin;C:\Program Files\dotnet\;C:\MinGW\bin;C:\Program Files\Git\cmd;C:\Users\malsh\AppData\Local\Programs\Python\Python39\Scripts\;C:\Users\malsh\AppData\Local\Programs\Python\Python39\;C:\Users\malsh\AppData\Local\Programs\Python\Launcher\;C:\Users\malsh\AppData\Local\Microsoft\WindowsApps;C:\Program Files\Oracle\VirtualBox;C:\Users\malsh\AppData\Local\Programs\Microsoft VS Code\bin;C:\Program Files (x86)\mingw-w64\i686-8.1.0-posix-dwarf-rt_v6-rev0\mingw32\bin;;C:\Program Files\JetBrains\IntelliJ IDEA 2021.1.1\bin;
USERNAME=Mo Al Shakoush
OS=Windows_NT
PROCESSOR_IDENTIFIER=AMD64 Family 23 Model 96 Stepping 1, AuthenticAMD



---------------  S Y S T E M  ---------------

OS:
 Windows 10 , 64 bit Build 19041 (10.0.19041.928)
OS uptime: 0 days 1:11 hours

CPU: total 16 (initial active 16) (16 cores per cpu, 2 threads per core) family 23 model 96 stepping 1 microcode 0x0, cx8, cmov, fxsr, ht, mmx, 3dnowpref, sse, sse2, sse3, ssse3, sse4a, sse4.1, sse4.2, popcnt, lzcnt, tsc, tscinvbit, avx, avx2, aes, clmul, bmi1, bmi2, adx, sha, fma, vzeroupper, clflush, clflushopt

Memory: 4k page, system-wide physical 31975M (22087M free)
TotalPageFile size 36583M (AvailPageFile size 24499M)
current process WorkingSet (physical memory assigned to process): 528M, peak: 539M
current process commit charge ("private bytes"): 724M, peak: 735M

vm_info: Java HotSpot(TM) 64-Bit Server VM (16+36-2231) for windows-amd64 JRE (16+36-2231), built on Feb  8 2021 11:43:10 by "mach5one" with MS VC++ 16.7 (VS2019)

END.
